This file contains any messages produced by compilers while
running configure, to aid debugging if configure makes a mistake.

It was created by Compact Language Detector configure 0.1, which was
generated by GNU Autoconf 2.61.  Invocation command line was

  $ ./configure 

## --------- ##
## Platform. ##
## --------- ##

hostname = Matts-MacBook-Pro.local
uname -m = x86_64
uname -r = 11.2.0
uname -s = Darwin
uname -v = Darwin Kernel Version 11.2.0: Tue Aug  9 20:54:00 PDT 2011; root:xnu-1699.24.8~1/RELEASE_X86_64

/usr/bin/uname -p = i386
/bin/uname -X     = unknown

/bin/arch              = unknown
/usr/bin/arch -k       = unknown
/usr/convex/getsysinfo = unknown
/usr/bin/hostinfo      = Mach kernel version:
	 Darwin Kernel Version 11.2.0: Tue Aug  9 20:54:00 PDT 2011; root:xnu-1699.24.8~1/RELEASE_X86_64
Kernel configured for up to 4 processors.
2 processors are physically available.
4 processors are logically available.
Processor type: i486 (Intel 80486)
Processors active: 0 1 2 3
Primary memory available: 8.00 gigabytes
Default processor set: 82 tasks, 399 threads, 4 processors
Load average: 0.63, Mach factor: 3.35
/bin/machine           = unknown
/usr/bin/oslevel       = unknown
/bin/universe          = unknown

PATH: /Users/matt/.nvm/v0.4.7/bin
PATH: /Users/matt/.rvm/gems/ruby-1.9.2-p290/bin
PATH: /Users/matt/.rvm/gems/ruby-1.9.2-p290@global/bin
PATH: /Users/matt/.rvm/rubies/ruby-1.9.2-p290/bin
PATH: /Users/matt/.rvm/bin
PATH: /usr/bin
PATH: /bin
PATH: /usr/sbin
PATH: /sbin
PATH: /usr/local/bin
PATH: /usr/X11/bin
PATH: /usr/local/git/bin


## ----------- ##
## Core tests. ##
## ----------- ##

configure:1853: checking for a BSD-compatible install
configure:1909: result: /usr/bin/install -c
configure:1920: checking whether build environment is sane
configure:1963: result: yes
configure:1991: checking for a thread-safe mkdir -p
configure:2030: result: ./install-sh -c -d
configure:2043: checking for gawk
configure:2073: result: no
configure:2043: checking for mawk
configure:2073: result: no
configure:2043: checking for nawk
configure:2073: result: no
configure:2043: checking for awk
configure:2059: found /usr/bin/awk
configure:2070: result: awk
configure:2081: checking whether make sets $(MAKE)
configure:2102: result: yes
configure:2348: checking for g++
configure:2364: found /usr/bin/g++
configure:2375: result: g++
configure:2406: checking for C++ compiler version
configure:2413: g++ --version >&5
i686-apple-darwin11-llvm-g++-4.2 (GCC) 4.2.1 (Based on Apple Inc. build 5658) (LLVM build 2336.1.00)
Copyright (C) 2007 Free Software Foundation, Inc.
This is free software; see the source for copying conditions.  There is NO
warranty; not even for MERCHANTABILITY or FITNESS FOR A PARTICULAR PURPOSE.

configure:2416: $? = 0
configure:2423: g++ -v >&5
Using built-in specs.
Target: i686-apple-darwin11
Configured with: /private/var/tmp/llvmgcc42/llvmgcc42-2336.1~22/src/configure --disable-checking --enable-werror --prefix=/Developer/usr/llvm-gcc-4.2 --mandir=/share/man --enable-languages=c,objc,c++,obj-c++ --program-prefix=llvm- --program-transform-name=/^[cg][^.-]*$/s/$/-4.2/ --with-slibdir=/usr/lib --build=i686-apple-darwin11 --enable-llvm=/private/var/tmp/llvmgcc42/llvmgcc42-2336.1~22/dst-llvmCore/Developer/usr/local --program-prefix=i686-apple-darwin11- --host=x86_64-apple-darwin11 --target=i686-apple-darwin11 --with-gxx-include-dir=/usr/include/c++/4.2.1
Thread model: posix
gcc version 4.2.1 (Based on Apple Inc. build 5658) (LLVM build 2336.1.00)
configure:2426: $? = 0
configure:2433: g++ -V >&5
llvm-g++-4.2: argument to `-V' is missing
configure:2436: $? = 1
configure:2459: checking for C++ compiler default output file name
configure:2486: g++    conftest.cpp  >&5
configure:2489: $? = 0
configure:2527: result: a.out
configure:2544: checking whether the C++ compiler works
configure:2554: ./a.out
configure:2557: $? = 0
configure:2574: result: yes
configure:2581: checking whether we are cross compiling
configure:2583: result: no
configure:2586: checking for suffix of executables
configure:2593: g++ -o conftest    conftest.cpp  >&5
configure:2596: $? = 0
configure:2620: result: 
configure:2626: checking for suffix of object files
configure:2652: g++ -c   conftest.cpp >&5
configure:2655: $? = 0
configure:2678: result: o
configure:2682: checking whether we are using the GNU C++ compiler
configure:2711: g++ -c   conftest.cpp >&5
configure:2717: $? = 0
configure:2734: result: yes
configure:2739: checking whether g++ accepts -g
configure:2769: g++ -c -g  conftest.cpp >&5
configure:2775: $? = 0
configure:2874: result: yes
configure:2908: checking for style of include used by make
configure:2936: result: GNU
configure:2961: checking dependency style of g++
configure:3052: result: gcc3
configure:3073: checking build system type
configure:3091: result: i386-apple-darwin11.2.0
configure:3113: checking host system type
configure:3128: result: i386-apple-darwin11.2.0
configure:3511: checking how to print strings
configure:3538: result: printf
configure:3607: checking for gcc
configure:3623: found /usr/bin/gcc
configure:3634: result: gcc
configure:3872: checking for C compiler version
configure:3879: gcc --version >&5
i686-apple-darwin11-llvm-gcc-4.2 (GCC) 4.2.1 (Based on Apple Inc. build 5658) (LLVM build 2336.1.00)
Copyright (C) 2007 Free Software Foundation, Inc.
This is free software; see the source for copying conditions.  There is NO
warranty; not even for MERCHANTABILITY or FITNESS FOR A PARTICULAR PURPOSE.

configure:3882: $? = 0
configure:3889: gcc -v >&5
Using built-in specs.
Target: i686-apple-darwin11
Configured with: /private/var/tmp/llvmgcc42/llvmgcc42-2336.1~22/src/configure --disable-checking --enable-werror --prefix=/Developer/usr/llvm-gcc-4.2 --mandir=/share/man --enable-languages=c,objc,c++,obj-c++ --program-prefix=llvm- --program-transform-name=/^[cg][^.-]*$/s/$/-4.2/ --with-slibdir=/usr/lib --build=i686-apple-darwin11 --enable-llvm=/private/var/tmp/llvmgcc42/llvmgcc42-2336.1~22/dst-llvmCore/Developer/usr/local --program-prefix=i686-apple-darwin11- --host=x86_64-apple-darwin11 --target=i686-apple-darwin11 --with-gxx-include-dir=/usr/include/c++/4.2.1
Thread model: posix
gcc version 4.2.1 (Based on Apple Inc. build 5658) (LLVM build 2336.1.00)
configure:3892: $? = 0
configure:3899: gcc -V >&5
llvm-gcc-4.2: argument to `-V' is missing
configure:3902: $? = 1
configure:3905: checking whether we are using the GNU C compiler
configure:3934: gcc -c   conftest.c >&5
configure:3940: $? = 0
configure:3957: result: yes
configure:3962: checking whether gcc accepts -g
configure:3992: gcc -c -g  conftest.c >&5
configure:3998: $? = 0
configure:4097: result: yes
configure:4114: checking for gcc option to accept ISO C89
configure:4188: gcc  -c -g -O2  conftest.c >&5
configure:4194: $? = 0
configure:4217: result: none needed
configure:4237: checking dependency style of gcc
configure:4328: result: gcc3
configure:4343: checking for a sed that does not truncate output
configure:4422: result: /usr/bin/sed
configure:4440: checking for grep that handles long lines and -e
configure:4514: result: /usr/bin/grep
configure:4519: checking for egrep
configure:4597: result: /usr/bin/grep -E
configure:4602: checking for fgrep
configure:4680: result: /usr/bin/grep -F
configure:4715: checking for ld used by gcc
configure:4782: result: /usr/llvm-gcc-4.2/libexec/gcc/i686-apple-darwin11/4.2.1/ld
configure:4791: checking if the linker (/usr/llvm-gcc-4.2/libexec/gcc/i686-apple-darwin11/4.2.1/ld) is GNU ld
configure:4806: result: no
configure:4818: checking for BSD- or MS-compatible name lister (nm)
configure:4867: result: /usr/bin/nm
configure:5001: checking the name lister (/usr/bin/nm) interface
configure:5008: gcc -c -g -O2  conftest.c >&5
configure:5011: /usr/bin/nm "conftest.o"
configure:5014: output
0000000000000180 S _some_variable
configure:5021: result: BSD nm
configure:5024: checking whether ln -s works
configure:5028: result: yes
configure:5036: checking the maximum length of command line arguments
configure:5161: result: 196608
configure:5178: checking whether the shell understands some XSI constructs
configure:5188: result: yes
configure:5192: checking whether the shell understands "+="
configure:5198: result: yes
configure:5233: checking for /usr/llvm-gcc-4.2/libexec/gcc/i686-apple-darwin11/4.2.1/ld option to reload object files
configure:5240: result: -r
configure:5309: checking for objdump
configure:5336: result: objdump
configure:5369: checking how to recognize dependent libraries
configure:5571: result: pass_all
configure:5631: checking for ar
configure:5647: found /usr/bin/ar
configure:5658: result: ar
configure:5740: checking for strip
configure:5756: found /usr/bin/strip
configure:5767: result: strip
configure:5843: checking for ranlib
configure:5859: found /usr/bin/ranlib
configure:5870: result: ranlib
configure:5976: checking command to parse /usr/bin/nm output from gcc object
configure:6094: gcc -c -g -O2  conftest.c >&5
configure:6097: $? = 0
configure:6101: /usr/bin/nm conftest.o \| sed -n -e 's/^.*[ ]\([BCDEGRST][BCDEGRST]*\)[ ][ ]*\([_A-Za-z][_A-Za-z0-9]*\)$/\1 \2 \2/p' \> conftest.nm
configure:6104: $? = 0
cannot find nm_test_var in conftest.nm
configure:6094: gcc -c -g -O2  conftest.c >&5
configure:6097: $? = 0
configure:6101: /usr/bin/nm conftest.o \| sed -n -e 's/^.*[ ]\([BCDEGRST][BCDEGRST]*\)[ ][ ]*_\([_A-Za-z][_A-Za-z0-9]*\)$/\1 _\2 \2/p' \> conftest.nm
configure:6104: $? = 0
configure:6158: gcc -o conftest -g -O2   conftest.c conftstm.o >&5
configure:6161: $? = 0
configure:6199: result: ok
configure:6489: checking for dsymutil
configure:6505: found /usr/bin/dsymutil
configure:6516: result: dsymutil
configure:6585: checking for nmedit
configure:6601: found /usr/bin/nmedit
configure:6612: result: nmedit
configure:6681: checking for lipo
configure:6697: found /usr/bin/lipo
configure:6708: result: lipo
configure:6777: checking for otool
configure:6793: found /usr/bin/otool
configure:6804: result: otool
configure:6873: checking for otool64
configure:6903: result: no
configure:6952: checking for -single_module linker flag
gcc -g -O2  -o libconftest.dylib -dynamiclib -Wl,-single_module conftest.c
configure:6979: result: yes
configure:6981: checking for -exported_symbols_list linker flag
configure:7011: gcc -o conftest -g -O2   -Wl,-exported_symbols_list,conftest.sym conftest.c  >&5
configure:7017: $? = 0
configure:7036: result: yes
configure:7038: checking for -force_load linker flag
gcc -g -O2 -c -o conftest.o conftest.c
ar cru libconftest.a conftest.o
ranlib libconftest.a
gcc -g -O2  -o conftest conftest.c -Wl,-force_load,./libconftest.a
configure:7068: result: yes
configure:7110: checking how to run the C preprocessor
configure:7150: gcc -E  conftest.c
configure:7156: $? = 0
configure:7187: gcc -E  conftest.c
conftest.c:10:28: error: ac_nonexistent.h: No such file or directory
configure:7193: $? = 1
configure: failed program was:
| /* confdefs.h.  */
| #define PACKAGE_NAME "Compact Language Detector"
| #define PACKAGE_TARNAME "cld"
| #define PACKAGE_VERSION "0.1"
| #define PACKAGE_STRING "Compact Language Detector 0.1"
| #define PACKAGE_BUGREPORT "matt@mzsanford.com"
| #define PACKAGE "cld"
| #define VERSION "0.1"
| /* end confdefs.h.  */
| #include <ac_nonexistent.h>
configure:7226: result: gcc -E
configure:7255: gcc -E  conftest.c
configure:7261: $? = 0
configure:7292: gcc -E  conftest.c
conftest.c:10:28: error: ac_nonexistent.h: No such file or directory
configure:7298: $? = 1
configure: failed program was:
| /* confdefs.h.  */
| #define PACKAGE_NAME "Compact Language Detector"
| #define PACKAGE_TARNAME "cld"
| #define PACKAGE_VERSION "0.1"
| #define PACKAGE_STRING "Compact Language Detector 0.1"
| #define PACKAGE_BUGREPORT "matt@mzsanford.com"
| #define PACKAGE "cld"
| #define VERSION "0.1"
| /* end confdefs.h.  */
| #include <ac_nonexistent.h>
configure:7336: checking for ANSI C header files
configure:7366: gcc -c -g -O2  conftest.c >&5
configure:7372: $? = 0
configure:7471: gcc -o conftest -g -O2   conftest.c  >&5
configure:7474: $? = 0
configure:7480: ./conftest
configure:7483: $? = 0
configure:7500: result: yes
configure:7524: checking for sys/types.h
configure:7545: gcc -c -g -O2  conftest.c >&5
configure:7551: $? = 0
configure:7567: result: yes
configure:7524: checking for sys/stat.h
configure:7545: gcc -c -g -O2  conftest.c >&5
configure:7551: $? = 0
configure:7567: result: yes
configure:7524: checking for stdlib.h
configure:7545: gcc -c -g -O2  conftest.c >&5
configure:7551: $? = 0
configure:7567: result: yes
configure:7524: checking for string.h
configure:7545: gcc -c -g -O2  conftest.c >&5
configure:7551: $? = 0
configure:7567: result: yes
configure:7524: checking for memory.h
configure:7545: gcc -c -g -O2  conftest.c >&5
configure:7551: $? = 0
configure:7567: result: yes
configure:7524: checking for strings.h
configure:7545: gcc -c -g -O2  conftest.c >&5
configure:7551: $? = 0
configure:7567: result: yes
configure:7524: checking for inttypes.h
configure:7545: gcc -c -g -O2  conftest.c >&5
configure:7551: $? = 0
configure:7567: result: yes
configure:7524: checking for stdint.h
configure:7545: gcc -c -g -O2  conftest.c >&5
configure:7551: $? = 0
configure:7567: result: yes
configure:7524: checking for unistd.h
configure:7545: gcc -c -g -O2  conftest.c >&5
configure:7551: $? = 0
configure:7567: result: yes
configure:7583: checking for dlfcn.h
configure:7604: gcc -c -g -O2  conftest.c >&5
configure:7610: $? = 0
configure:7626: result: yes
configure:7812: checking for objdir
configure:7827: result: .libs
configure:8094: checking if gcc supports -fno-rtti -fno-exceptions
configure:8112: gcc -c -g -O2  -fno-rtti -fno-exceptions conftest.c >&5
cc1: warning: command line option "-fno-rtti" is valid for C++/ObjC++ but not for C
configure:8116: $? = 0
configure:8129: result: no
configure:8149: checking for gcc option to produce PIC
configure:8434: result: -fno-common -DPIC
configure:8446: checking if gcc PIC flag -fno-common -DPIC works
configure:8464: gcc -c -g -O2  -fno-common -DPIC -DPIC conftest.c >&5
configure:8468: $? = 0
configure:8481: result: yes
configure:8505: checking if gcc static flag -static works
configure:8533: result: no
configure:8548: checking if gcc supports -c -o file.o
configure:8569: gcc -c -g -O2  -o out/conftest2.o conftest.c >&5
configure:8573: $? = 0
configure:8595: result: yes
configure:8603: checking if gcc supports -c -o file.o
configure:8650: result: yes
configure:8683: checking whether the gcc linker (/usr/llvm-gcc-4.2/libexec/gcc/i686-apple-darwin11/4.2.1/ld) supports shared libraries
configure:9834: result: yes
configure:10079: checking dynamic linker characteristics
configure:10784: result: darwin11.2.0 dyld
configure:10891: checking how to hardcode library paths into programs
configure:10916: result: immediate
configure:11741: checking whether stripping libraries is possible
configure:11755: result: yes
configure:11781: checking if libtool supports shared libraries
configure:11783: result: yes
configure:11786: checking whether to build shared libraries
configure:11807: result: yes
configure:11810: checking whether to build static libraries
configure:11814: result: yes
configure:11837: checking how to run the C++ preprocessor
configure:11873: g++ -E  conftest.cpp
configure:11879: $? = 0
configure:11910: g++ -E  conftest.cpp
conftest.cpp:22:28: error: ac_nonexistent.h: No such file or directory
configure:11916: $? = 1
configure: failed program was:
| /* confdefs.h.  */
| #define PACKAGE_NAME "Compact Language Detector"
| #define PACKAGE_TARNAME "cld"
| #define PACKAGE_VERSION "0.1"
| #define PACKAGE_STRING "Compact Language Detector 0.1"
| #define PACKAGE_BUGREPORT "matt@mzsanford.com"
| #define PACKAGE "cld"
| #define VERSION "0.1"
| #define STDC_HEADERS 1
| #define HAVE_SYS_TYPES_H 1
| #define HAVE_SYS_STAT_H 1
| #define HAVE_STDLIB_H 1
| #define HAVE_STRING_H 1
| #define HAVE_MEMORY_H 1
| #define HAVE_STRINGS_H 1
| #define HAVE_INTTYPES_H 1
| #define HAVE_STDINT_H 1
| #define HAVE_UNISTD_H 1
| #define HAVE_DLFCN_H 1
| #define LT_OBJDIR ".libs/"
| /* end confdefs.h.  */
| #include <ac_nonexistent.h>
configure:11949: result: g++ -E
configure:11978: g++ -E  conftest.cpp
configure:11984: $? = 0
configure:12015: g++ -E  conftest.cpp
conftest.cpp:22:28: error: ac_nonexistent.h: No such file or directory
configure:12021: $? = 1
configure: failed program was:
| /* confdefs.h.  */
| #define PACKAGE_NAME "Compact Language Detector"
| #define PACKAGE_TARNAME "cld"
| #define PACKAGE_VERSION "0.1"
| #define PACKAGE_STRING "Compact Language Detector 0.1"
| #define PACKAGE_BUGREPORT "matt@mzsanford.com"
| #define PACKAGE "cld"
| #define VERSION "0.1"
| #define STDC_HEADERS 1
| #define HAVE_SYS_TYPES_H 1
| #define HAVE_SYS_STAT_H 1
| #define HAVE_STDLIB_H 1
| #define HAVE_STRING_H 1
| #define HAVE_MEMORY_H 1
| #define HAVE_STRINGS_H 1
| #define HAVE_INTTYPES_H 1
| #define HAVE_STDINT_H 1
| #define HAVE_UNISTD_H 1
| #define HAVE_DLFCN_H 1
| #define LT_OBJDIR ".libs/"
| /* end confdefs.h.  */
| #include <ac_nonexistent.h>
configure:12198: checking for ld used by g++
configure:12265: result: /usr/llvm-gcc-4.2/libexec/gcc/i686-apple-darwin11/4.2.1/ld
configure:12274: checking if the linker (/usr/llvm-gcc-4.2/libexec/gcc/i686-apple-darwin11/4.2.1/ld) is GNU ld
configure:12289: result: no
configure:12344: checking whether the g++ linker (/usr/llvm-gcc-4.2/libexec/gcc/i686-apple-darwin11/4.2.1/ld) supports shared libraries
configure:13330: result: yes
configure:13358: g++ -c -g -O2  conftest.cpp >&5
configure:13361: $? = 0
configure:13543: checking for g++ option to produce PIC
configure:13865: result: -fno-common -DPIC
configure:13874: checking if g++ PIC flag -fno-common -DPIC works
configure:13892: g++ -c -g -O2  -fno-common -DPIC -DPIC conftest.cpp >&5
configure:13896: $? = 0
configure:13909: result: yes
configure:13930: checking if g++ static flag -static works
configure:13958: result: no
configure:13970: checking if g++ supports -c -o file.o
configure:13991: g++ -c -g -O2  -o out/conftest2.o conftest.cpp >&5
configure:13995: $? = 0
configure:14017: result: yes
configure:14022: checking if g++ supports -c -o file.o
configure:14069: result: yes
configure:14099: checking whether the g++ linker (/usr/llvm-gcc-4.2/libexec/gcc/i686-apple-darwin11/4.2.1/ld) supports shared libraries
configure:14127: result: yes
configure:14270: checking dynamic linker characteristics
configure:14909: result: darwin11.2.0 dyld
configure:14962: checking how to hardcode library paths into programs
configure:14987: result: immediate
configure:15198: creating ./config.status

## ---------------------- ##
## Running config.status. ##
## ---------------------- ##

This file was extended by Compact Language Detector config.status 0.1, which was
generated by GNU Autoconf 2.61.  Invocation command line was

  CONFIG_FILES    = 
  CONFIG_HEADERS  = 
  CONFIG_LINKS    = 
  CONFIG_COMMANDS = 
  $ ./config.status 

on Matts-MacBook-Pro.local

config.status:901: creating Makefile
config.status:901: creating cld.pc
config.status:901: creating tests/Makefile
config.status:1092: executing depfiles commands
config.status:1092: executing libtool commands

## ---------------- ##
## Cache variables. ##
## ---------------- ##

ac_cv_build=i386-apple-darwin11.2.0
ac_cv_c_compiler_gnu=yes
ac_cv_cxx_compiler_gnu=yes
ac_cv_env_CCC_set=
ac_cv_env_CCC_value=
ac_cv_env_CC_set=
ac_cv_env_CC_value=
ac_cv_env_CFLAGS_set=
ac_cv_env_CFLAGS_value=
ac_cv_env_CPPFLAGS_set=
ac_cv_env_CPPFLAGS_value=
ac_cv_env_CPP_set=
ac_cv_env_CPP_value=
ac_cv_env_CXXCPP_set=
ac_cv_env_CXXCPP_value=
ac_cv_env_CXXFLAGS_set=
ac_cv_env_CXXFLAGS_value=
ac_cv_env_CXX_set=
ac_cv_env_CXX_value=
ac_cv_env_LDFLAGS_set=
ac_cv_env_LDFLAGS_value=
ac_cv_env_LIBS_set=
ac_cv_env_LIBS_value=
ac_cv_env_build_alias_set=
ac_cv_env_build_alias_value=
ac_cv_env_host_alias_set=
ac_cv_env_host_alias_value=
ac_cv_env_target_alias_set=
ac_cv_env_target_alias_value=
ac_cv_header_dlfcn_h=yes
ac_cv_header_inttypes_h=yes
ac_cv_header_memory_h=yes
ac_cv_header_stdc=yes
ac_cv_header_stdint_h=yes
ac_cv_header_stdlib_h=yes
ac_cv_header_string_h=yes
ac_cv_header_strings_h=yes
ac_cv_header_sys_stat_h=yes
ac_cv_header_sys_types_h=yes
ac_cv_header_unistd_h=yes
ac_cv_host=i386-apple-darwin11.2.0
ac_cv_objext=o
ac_cv_path_EGREP='/usr/bin/grep -E'
ac_cv_path_FGREP='/usr/bin/grep -F'
ac_cv_path_GREP=/usr/bin/grep
ac_cv_path_SED=/usr/bin/sed
ac_cv_path_install='/usr/bin/install -c'
ac_cv_prog_AWK=awk
ac_cv_prog_CPP='gcc -E'
ac_cv_prog_CXXCPP='g++ -E'
ac_cv_prog_ac_ct_AR=ar
ac_cv_prog_ac_ct_CC=gcc
ac_cv_prog_ac_ct_CXX=g++
ac_cv_prog_ac_ct_DSYMUTIL=dsymutil
ac_cv_prog_ac_ct_LIPO=lipo
ac_cv_prog_ac_ct_NMEDIT=nmedit
ac_cv_prog_ac_ct_OBJDUMP=objdump
ac_cv_prog_ac_ct_OTOOL=otool
ac_cv_prog_ac_ct_RANLIB=ranlib
ac_cv_prog_ac_ct_STRIP=strip
ac_cv_prog_cc_c89=
ac_cv_prog_cc_g=yes
ac_cv_prog_cxx_g=yes
ac_cv_prog_make_make_set=yes
am_cv_CC_dependencies_compiler_type=gcc3
am_cv_CXX_dependencies_compiler_type=gcc3
lt_cv_apple_cc_single_mod=yes
lt_cv_deplibs_check_method=pass_all
lt_cv_file_magic_cmd='$MAGIC_CMD'
lt_cv_file_magic_test_file=
lt_cv_ld_exported_symbols_list=yes
lt_cv_ld_force_load=yes
lt_cv_ld_reload_flag=-r
lt_cv_nm_interface='BSD nm'
lt_cv_objdir=.libs
lt_cv_path_LD=/usr/llvm-gcc-4.2/libexec/gcc/i686-apple-darwin11/4.2.1/ld
lt_cv_path_LDCXX=/usr/llvm-gcc-4.2/libexec/gcc/i686-apple-darwin11/4.2.1/ld
lt_cv_path_NM=/usr/bin/nm
lt_cv_prog_compiler_c_o=yes
lt_cv_prog_compiler_c_o_CXX=yes
lt_cv_prog_compiler_pic_works=yes
lt_cv_prog_compiler_pic_works_CXX=yes
lt_cv_prog_compiler_rtti_exceptions=no
lt_cv_prog_compiler_static_works=no
lt_cv_prog_compiler_static_works_CXX=no
lt_cv_prog_gnu_ld=no
lt_cv_prog_gnu_ldcxx=no
lt_cv_sys_global_symbol_pipe='sed -n -e '\''s/^.*[	 ]\([BCDEGRST][BCDEGRST]*\)[	 ][	 ]*_\([_A-Za-z][_A-Za-z0-9]*\)$/\1 _\2 \2/p'\'''
lt_cv_sys_global_symbol_to_c_name_address='sed -n -e '\''s/^: \([^ ]*\) $/  {\"\1\", (void *) 0},/p'\'' -e '\''s/^[BCDEGRST]* \([^ ]*\) \([^ ]*\)$/  {"\2", (void *) \&\2},/p'\'''
lt_cv_sys_global_symbol_to_c_name_address_lib_prefix='sed -n -e '\''s/^: \([^ ]*\) $/  {\"\1\", (void *) 0},/p'\'' -e '\''s/^[BCDEGRST]* \([^ ]*\) \(lib[^ ]*\)$/  {"\2", (void *) \&\2},/p'\'' -e '\''s/^[BCDEGRST]* \([^ ]*\) \([^ ]*\)$/  {"lib\2", (void *) \&\2},/p'\'''
lt_cv_sys_global_symbol_to_cdecl='sed -n -e '\''s/^T .* \(.*\)$/extern int \1();/p'\'' -e '\''s/^[BCDEGRST]* .* \(.*\)$/extern char \1;/p'\'''
lt_cv_sys_max_cmd_len=196608

## ----------------- ##
## Output variables. ##
## ----------------- ##

ACLOCAL='${SHELL} /Users/matt/src/github/cld/missing --run aclocal-1.10'
AMDEPBACKSLASH='\'
AMDEP_FALSE='#'
AMDEP_TRUE=''
AMTAR='${SHELL} /Users/matt/src/github/cld/missing --run tar'
AR='ar'
AS='as'
AUTOCONF='${SHELL} /Users/matt/src/github/cld/missing --run autoconf'
AUTOHEADER='${SHELL} /Users/matt/src/github/cld/missing --run autoheader'
AUTOMAKE='${SHELL} /Users/matt/src/github/cld/missing --run automake-1.10'
AWK='awk'
CC='gcc'
CCDEPMODE='depmode=gcc3'
CFLAGS='-g -O2'
CPP='gcc -E'
CPPFLAGS=''
CXX='g++'
CXXCPP='g++ -E'
CXXDEPMODE='depmode=gcc3'
CXXFLAGS='-g -O2'
CYGPATH_W='echo'
DEFS='-DPACKAGE_NAME=\"Compact\ Language\ Detector\" -DPACKAGE_TARNAME=\"cld\" -DPACKAGE_VERSION=\"0.1\" -DPACKAGE_STRING=\"Compact\ Language\ Detector\ 0.1\" -DPACKAGE_BUGREPORT=\"matt@mzsanford.com\" -DPACKAGE=\"cld\" -DVERSION=\"0.1\" -DSTDC_HEADERS=1 -DHAVE_SYS_TYPES_H=1 -DHAVE_SYS_STAT_H=1 -DHAVE_STDLIB_H=1 -DHAVE_STRING_H=1 -DHAVE_MEMORY_H=1 -DHAVE_STRINGS_H=1 -DHAVE_INTTYPES_H=1 -DHAVE_STDINT_H=1 -DHAVE_UNISTD_H=1 -DHAVE_DLFCN_H=1 -DLT_OBJDIR=\".libs/\"'
DEPDIR='.deps'
DLLTOOL='dlltool'
DSYMUTIL='dsymutil'
DUMPBIN=''
ECHO_C='ECHO_N=''
ECHO_T=''
EGREP='/usr/bin/grep -E'
EXEEXT=''
FGREP='/usr/bin/grep -F'
GREP='/usr/bin/grep'
INSTALL_DATA='${INSTALL} -m 644'
INSTALL_PROGRAM='${INSTALL}'
INSTALL_SCRIPT='${INSTALL}'
INSTALL_STRIP_PROGRAM='$(install_sh) -c -s'
LD='/usr/llvm-gcc-4.2/libexec/gcc/i686-apple-darwin11/4.2.1/ld'
LDFLAGS=''
LIBOBJS=''
LIBS=''
LIBTOOL='$(SHELL) $(top_builddir)/libtool'
LIPO='lipo'
LN_S='ln -s'
LTLIBOBJS=''
MAKEINFO='${SHELL} /Users/matt/src/github/cld/missing --run makeinfo'
NM='/usr/bin/nm'
NMEDIT='nmedit'
OBJDUMP='objdump'
OBJEXT='o'
OTOOL64=':'
OTOOL='otool'
PACKAGE='cld'
PACKAGE_BUGREPORT='matt@mzsanford.com'
PACKAGE_NAME='Compact Language Detector'
PACKAGE_STRING='Compact Language Detector 0.1'
PACKAGE_TARNAME='cld'
PACKAGE_VERSION='0.1'
PATH_SEPARATOR=':'
RANLIB='ranlib'
SED='/usr/bin/sed'
SET_MAKE=''
SHELL='/bin/sh'
STRIP='strip'
VERSION='0.1'
ac_ct_CC='gcc'
ac_ct_CXX='g++'
ac_ct_DUMPBIN=''
am__fastdepCC_FALSE='#'
am__fastdepCC_TRUE=''
am__fastdepCXX_FALSE='#'
am__fastdepCXX_TRUE=''
am__include='include'
am__isrc=''
am__leading_dot='.'
am__quote=''
am__tar='${AMTAR} chof - "$$tardir"'
am__untar='${AMTAR} xf -'
bindir='${exec_prefix}/bin'
build='i386-apple-darwin11.2.0'
build_alias=''
build_cpu='i386'
build_os='darwin11.2.0'
build_vendor='apple'
datadir='${datarootdir}'
datarootdir='${prefix}/share'
docdir='${datarootdir}/doc/${PACKAGE_TARNAME}'
dvidir='${docdir}'
exec_prefix='${prefix}'
host='i386-apple-darwin11.2.0'
host_alias=''
host_cpu='i386'
host_os='darwin11.2.0'
host_vendor='apple'
htmldir='${docdir}'
includedir='${prefix}/include'
infodir='${datarootdir}/info'
install_sh='$(SHELL) /Users/matt/src/github/cld/install-sh'
libdir='${exec_prefix}/lib'
libexecdir='${exec_prefix}/libexec'
localedir='${datarootdir}/locale'
localstatedir='${prefix}/var'
mandir='${datarootdir}/man'
mkdir_p='$(top_builddir)/./install-sh -c -d'
oldincludedir='/usr/include'
pdfdir='${docdir}'
prefix='/usr/local'
program_transform_name='s,x,x,'
psdir='${docdir}'
sbindir='${exec_prefix}/sbin'
sharedstatedir='${prefix}/com'
sysconfdir='${prefix}/etc'
target_alias=''

## ----------- ##
## confdefs.h. ##
## ----------- ##

#define PACKAGE_NAME "Compact Language Detector"
#define PACKAGE_TARNAME "cld"
#define PACKAGE_VERSION "0.1"
#define PACKAGE_STRING "Compact Language Detector 0.1"
#define PACKAGE_BUGREPORT "matt@mzsanford.com"
#define PACKAGE "cld"
#define VERSION "0.1"
#define STDC_HEADERS 1
#define HAVE_SYS_TYPES_H 1
#define HAVE_SYS_STAT_H 1
#define HAVE_STDLIB_H 1
#define HAVE_STRING_H 1
#define HAVE_MEMORY_H 1
#define HAVE_STRINGS_H 1
#define HAVE_INTTYPES_H 1
#define HAVE_STDINT_H 1
#define HAVE_UNISTD_H 1
#define HAVE_DLFCN_H 1
#define LT_OBJDIR ".libs/"

configure: exit 0
